 WARN [2016-05-10 21:02:01,148] (ComponentFactory.java:getComponentBean:1149) - Unable to get component for id 'Certificate': Unable to get bean for id 'Certificate'
 WARN [2016-05-10 21:02:01,156] (ComponentFactory.java:getComponentBean:1149) - Unable to get component for id 'AuraDefinitionBundle': Unable to get bean for id 'AuraDefinitionBundle'
 WARN [2016-05-10 21:02:01,161] (ComponentFactory.java:getComponentBean:1149) - Unable to get component for id 'ExternalDataSource': Unable to get bean for id 'ExternalDataSource'
 WARN [2016-05-10 21:02:01,165] (ComponentFactory.java:getComponentBean:1149) - Unable to get component for id 'NamedCredential': Unable to get bean for id 'NamedCredential'
 WARN [2016-05-10 21:02:01,172] (ComponentFactory.java:getComponentBean:1149) - Unable to get component for id 'CustomFeedFilter': Unable to get bean for id 'CustomFeedFilter'
 WARN [2016-05-10 21:02:01,179] (ComponentFactory.java:getComponentBean:1149) - Unable to get component for id 'FlowDefinition': Unable to get bean for id 'FlowDefinition'
 WARN [2016-05-10 21:02:01,185] (ComponentFactory.java:getComponentBean:1149) - Unable to get component for id 'MatchingRules': Unable to get bean for id 'MatchingRules'
 WARN [2016-05-10 21:02:01,190] (ComponentFactory.java:getComponentBean:1149) - Unable to get component for id 'ChannelLayout': Unable to get bean for id 'ChannelLayout'
 WARN [2016-05-10 21:02:01,194] (ComponentFactory.java:getComponentBean:1149) - Unable to get component for id 'SharingRules': Unable to get bean for id 'SharingRules'
 WARN [2016-05-10 21:02:01,199] (ComponentFactory.java:getComponentBean:1149) - Unable to get component for id 'DelegateGroup': Unable to get bean for id 'DelegateGroup'
 WARN [2016-05-10 21:02:01,203] (ComponentFactory.java:getComponentBean:1149) - Unable to get component for id 'ManagedTopics': Unable to get bean for id 'ManagedTopics'
 WARN [2016-05-10 21:02:01,207] (ComponentFactory.java:getComponentBean:1149) - Unable to get component for id 'KeywordList': Unable to get bean for id 'KeywordList'
 WARN [2016-05-10 21:02:01,211] (ComponentFactory.java:getComponentBean:1149) - Unable to get component for id 'ModerationRule': Unable to get bean for id 'ModerationRule'
 WARN [2016-05-10 21:02:01,215] (ComponentFactory.java:getComponentBean:1149) - Unable to get component for id 'CorsWhitelistOrigin': Unable to get bean for id 'CorsWhitelistOrigin'
 WARN [2016-05-10 21:02:01,219] (ComponentFactory.java:getComponentBean:1149) - Unable to get component for id 'ActionLinkGroupTemplate': Unable to get bean for id 'ActionLinkGroupTemplate'
 WARN [2016-05-10 21:02:01,224] (ComponentFactory.java:getComponentBean:1149) - Unable to get component for id 'TransactionSecurityPolicy': Unable to get bean for id 'TransactionSecurityPolicy'
 WARN [2016-05-10 21:02:01,228] (ComponentFactory.java:getComponentBean:1149) - Unable to get component for id 'SynonymDictionary': Unable to get bean for id 'SynonymDictionary'
 WARN [2016-05-10 21:02:01,232] (ComponentFactory.java:getComponentBean:1149) - Unable to get component for id 'PathAssistant': Unable to get bean for id 'PathAssistant'
 WARN [2016-05-10 21:02:01,236] (ComponentFactory.java:getComponentBean:1149) - Unable to get component for id 'LiveChatSensitiveDataRule': Unable to get bean for id 'LiveChatSensitiveDataRule'
 WARN [2016-05-10 21:02:01,240] (ComponentFactory.java:getComponentBean:1149) - Unable to get component for id 'PlatformCachePartition': Unable to get bean for id 'PlatformCachePartition'
 WARN [2016-05-10 21:02:01,961] (ComponentFactory.java:getComponentBean:1149) - Unable to get component for id 'Certificate': Unable to get bean for id 'Certificate'
 WARN [2016-05-10 21:02:01,966] (ComponentFactory.java:getComponentBean:1149) - Unable to get component for id 'AuraDefinitionBundle': Unable to get bean for id 'AuraDefinitionBundle'
 WARN [2016-05-10 21:02:01,970] (ComponentFactory.java:getComponentBean:1149) - Unable to get component for id 'ExternalDataSource': Unable to get bean for id 'ExternalDataSource'
 WARN [2016-05-10 21:02:01,974] (ComponentFactory.java:getComponentBean:1149) - Unable to get component for id 'NamedCredential': Unable to get bean for id 'NamedCredential'
 WARN [2016-05-10 21:02:01,980] (ComponentFactory.java:getComponentBean:1149) - Unable to get component for id 'CustomFeedFilter': Unable to get bean for id 'CustomFeedFilter'
 WARN [2016-05-10 21:02:01,986] (ComponentFactory.java:getComponentBean:1149) - Unable to get component for id 'FlowDefinition': Unable to get bean for id 'FlowDefinition'
 WARN [2016-05-10 21:02:01,993] (ComponentFactory.java:getComponentBean:1149) - Unable to get component for id 'MatchingRules': Unable to get bean for id 'MatchingRules'
 WARN [2016-05-10 21:02:01,998] (ComponentFactory.java:getComponentBean:1149) - Unable to get component for id 'ChannelLayout': Unable to get bean for id 'ChannelLayout'
 WARN [2016-05-10 21:02:02,002] (ComponentFactory.java:getComponentBean:1149) - Unable to get component for id 'SharingRules': Unable to get bean for id 'SharingRules'
 WARN [2016-05-10 21:02:02,006] (ComponentFactory.java:getComponentBean:1149) - Unable to get component for id 'DelegateGroup': Unable to get bean for id 'DelegateGroup'
 WARN [2016-05-10 21:02:02,011] (ComponentFactory.java:getComponentBean:1149) - Unable to get component for id 'ManagedTopics': Unable to get bean for id 'ManagedTopics'
 WARN [2016-05-10 21:02:02,015] (ComponentFactory.java:getComponentBean:1149) - Unable to get component for id 'KeywordList': Unable to get bean for id 'KeywordList'
 WARN [2016-05-10 21:02:02,019] (ComponentFactory.java:getComponentBean:1149) - Unable to get component for id 'ModerationRule': Unable to get bean for id 'ModerationRule'
 WARN [2016-05-10 21:02:02,022] (ComponentFactory.java:getComponentBean:1149) - Unable to get component for id 'CorsWhitelistOrigin': Unable to get bean for id 'CorsWhitelistOrigin'
 WARN [2016-05-10 21:02:02,026] (ComponentFactory.java:getComponentBean:1149) - Unable to get component for id 'ActionLinkGroupTemplate': Unable to get bean for id 'ActionLinkGroupTemplate'
 WARN [2016-05-10 21:02:02,030] (ComponentFactory.java:getComponentBean:1149) - Unable to get component for id 'TransactionSecurityPolicy': Unable to get bean for id 'TransactionSecurityPolicy'
 WARN [2016-05-10 21:02:02,034] (ComponentFactory.java:getComponentBean:1149) - Unable to get component for id 'SynonymDictionary': Unable to get bean for id 'SynonymDictionary'
 WARN [2016-05-10 21:02:02,038] (ComponentFactory.java:getComponentBean:1149) - Unable to get component for id 'PathAssistant': Unable to get bean for id 'PathAssistant'
 WARN [2016-05-10 21:02:02,042] (ComponentFactory.java:getComponentBean:1149) - Unable to get component for id 'LiveChatSensitiveDataRule': Unable to get bean for id 'LiveChatSensitiveDataRule'
 WARN [2016-05-10 21:02:02,046] (ComponentFactory.java:getComponentBean:1149) - Unable to get component for id 'PlatformCachePartition': Unable to get bean for id 'PlatformCachePartition'
 WARN [2016-05-10 21:02:52,668] (ProjectController.java:handleRetrieveResults:762) - Failed to retrieve: 'DocuSign For Salesforce/package.xml': Can't retrieve non-customizable CustomObject named: DocuSignUserSettings__c
 WARN [2016-05-10 21:02:52,673] (ProjectController.java:handleRetrieveResults:762) - Failed to retrieve: 'DocuSign For Salesforce/package.xml': Can't retrieve non-customizable CustomObject named: DocuSign_Setting__c
 WARN [2016-05-10 21:02:52,677] (ProjectController.java:handleRetrieveResults:762) - Failed to retrieve: 'DocuSign For Salesforce/package.xml': Can't retrieve non-customizable CustomObject named: DocuSignOrgSettings__c
 WARN [2016-05-10 21:02:52,681] (ProjectController.java:handleRetrieveResults:762) - Failed to retrieve: 'DocuSign For Salesforce/package.xml': Can't retrieve non-customizable CustomObject named: DocuSignUserSettings__c
 WARN [2016-05-10 21:02:52,685] (ProjectController.java:handleRetrieveResults:762) - Failed to retrieve: 'DocuSign For Salesforce/package.xml': Can't retrieve non-customizable CustomObject named: DocuSign_Setting__c
 WARN [2016-05-10 21:02:52,688] (ProjectController.java:handleRetrieveResults:762) - Failed to retrieve: 'DocuSign For Salesforce/package.xml': Can't retrieve non-customizable CustomObject named: DocuSignOrgSettings__c
 WARN [2016-05-10 21:02:52,692] (ProjectController.java:handleRetrieveResults:762) - Failed to retrieve: 'Salesforce Connected Apps/package.xml': Metadata API received improper input. Please ensure file name and capitalization is correct. Load of metadata from db failed for metadata of type:ConnectedApp and file name:Salesforce_Touch.
 WARN [2016-05-10 21:02:52,696] (ProjectController.java:handleRetrieveResults:762) - Failed to retrieve: 'Salesforce Connected Apps/package.xml': Metadata API received improper input. Please ensure file name and capitalization is correct. Load of metadata from db failed for metadata of type:ConnectedApp and file name:Salesforce_Mobile_Dashboards.
 WARN [2016-05-10 21:02:52,699] (ProjectController.java:handleRetrieveResults:762) - Failed to retrieve: 'Salesforce Connected Apps/package.xml': Metadata API received improper input. Please ensure file name and capitalization is correct. Load of metadata from db failed for metadata of type:ConnectedApp and file name:Forcecom_Migration_Tool.
 WARN [2016-05-10 21:02:52,703] (ProjectController.java:handleRetrieveResults:762) - Failed to retrieve: 'Salesforce Connected Apps/package.xml': Metadata API received improper input. Please ensure file name and capitalization is correct. Load of metadata from db failed for metadata of type:ConnectedApp and file name:Forcecom_IDE.
 WARN [2016-05-10 21:02:52,706] (ProjectController.java:handleRetrieveResults:762) - Failed to retrieve: 'Salesforce Connected Apps/package.xml': Metadata API received improper input. Please ensure file name and capitalization is correct. Load of metadata from db failed for metadata of type:ConnectedApp and file name:Dataloader_Partner.
 WARN [2016-05-10 21:02:52,710] (ProjectController.java:handleRetrieveResults:762) - Failed to retrieve: 'Salesforce Connected Apps/package.xml': Metadata API received improper input. Please ensure file name and capitalization is correct. Load of metadata from db failed for metadata of type:ConnectedApp and file name:Dataloader_Bulk.
 WARN [2016-05-10 21:02:52,714] (ProjectController.java:handleRetrieveResults:762) - Failed to retrieve: 'Salesforce Connected Apps/package.xml': Metadata API received improper input. Please ensure file name and capitalization is correct. Load of metadata from db failed for metadata of type:ConnectedApp and file name:Workbench.
 WARN [2016-05-10 21:02:52,717] (ProjectController.java:handleRetrieveResults:762) - Failed to retrieve: 'Salesforce Connected Apps/package.xml': Metadata API received improper input. Please ensure file name and capitalization is correct. Load of metadata from db failed for metadata of type:ConnectedApp and file name:Salesforce_for_Outlook.
 WARN [2016-05-10 21:02:52,721] (ProjectController.java:handleRetrieveResults:762) - Failed to retrieve: 'Salesforce1 and Chatter Apps/package.xml': Metadata API received improper input. Please ensure file name and capitalization is correct. Load of metadata from db failed for metadata of type:ConnectedApp and file name:Salesforce_Chatterbox.
 WARN [2016-05-10 21:02:52,724] (ProjectController.java:handleRetrieveResults:762) - Failed to retrieve: 'Salesforce1 and Chatter Apps/package.xml': Metadata API received improper input. Please ensure file name and capitalization is correct. Load of metadata from db failed for metadata of type:ConnectedApp and file name:SalesforceA.
 WARN [2016-05-10 21:02:52,728] (ProjectController.java:handleRetrieveResults:762) - Failed to retrieve: 'Salesforce1 and Chatter Apps/package.xml': Metadata API received improper input. Please ensure file name and capitalization is correct. Load of metadata from db failed for metadata of type:ConnectedApp and file name:Salesforce1_for_Windows.
 WARN [2016-05-10 21:02:52,731] (ProjectController.java:handleRetrieveResults:762) - Failed to retrieve: 'Salesforce1 and Chatter Apps/package.xml': Metadata API received improper input. Please ensure file name and capitalization is correct. Load of metadata from db failed for metadata of type:ConnectedApp and file name:Chatter_for_iOS.
 WARN [2016-05-10 21:02:52,735] (ProjectController.java:handleRetrieveResults:762) - Failed to retrieve: 'Salesforce1 and Chatter Apps/package.xml': Metadata API received improper input. Please ensure file name and capitalization is correct. Load of metadata from db failed for metadata of type:ConnectedApp and file name:Chatter_for_BlackBerry.
 WARN [2016-05-10 21:02:52,738] (ProjectController.java:handleRetrieveResults:762) - Failed to retrieve: 'Salesforce1 and Chatter Apps/package.xml': Metadata API received improper input. Please ensure file name and capitalization is correct. Load of metadata from db failed for metadata of type:ConnectedApp and file name:Chatter_for_Android.
 WARN [2016-05-10 21:02:52,742] (ProjectController.java:handleRetrieveResults:762) - Failed to retrieve: 'Salesforce1 and Chatter Apps/package.xml': Metadata API received improper input. Please ensure file name and capitalization is correct. Load of metadata from db failed for metadata of type:ConnectedApp and file name:Chatter_Desktop.
 WARN [2016-05-10 21:02:52,798] (ComponentFactory.java:getComponentByFilePath:614) - No id found for filepath 'modules/Dataloader_Bulk_oauth/ConnectivityDevConfigs/Dataloader_Bulk_oauth_devConfig.ConnectivityDevConfig', tagging as component of type 'Unknown'
 WARN [2016-05-10 21:02:52,806] (ComponentFactory.java:getComponentByFilePath:614) - No id found for filepath 'modules/Dataloader_Bulk_oauth/modules/sf_com_apps__Dataloader_Bulk_oauth', tagging as component of type 'Unknown'
 WARN [2016-05-10 21:02:52,824] (ComponentFactory.java:getComponentByFilePath:614) - No id found for filepath 'applicationManifests/Dataloader_Bulk', tagging as component of type 'Unknown'
 WARN [2016-05-10 21:02:52,829] (ComponentFactory.java:getComponentByFilePath:614) - No id found for filepath 'modules/Dataloader_P5r_oauth/ConnectivityDevConfigs/Dataloader_P5r_oauth_devConfig.ConnectivityDevConfig', tagging as component of type 'Unknown'
 WARN [2016-05-10 21:02:52,834] (ComponentFactory.java:getComponentByFilePath:614) - No id found for filepath 'modules/Dataloader_P5r_oauth/modules/sf_com_apps__Dataloader_P5r_oauth', tagging as component of type 'Unknown'
 WARN [2016-05-10 21:02:52,839] (ComponentFactory.java:getComponentByFilePath:614) - No id found for filepath 'applicationManifests/Dataloader_Partner', tagging as component of type 'Unknown'
 WARN [2016-05-10 21:02:52,843] (ComponentFactory.java:getComponentByFilePath:614) - No id found for filepath 'modules/Forcecom_IDE_oauth/ConnectivityDevConfigs/Forcecom_IDE_oauth_devConfig.ConnectivityDevConfig', tagging as component of type 'Unknown'
 WARN [2016-05-10 21:02:52,848] (ComponentFactory.java:getComponentByFilePath:614) - No id found for filepath 'modules/Forcecom_IDE_oauth/modules/sf_com_apps__Forcecom_IDE_oauth', tagging as component of type 'Unknown'
 WARN [2016-05-10 21:02:52,852] (ComponentFactory.java:getComponentByFilePath:614) - No id found for filepath 'applicationManifests/Forcecom_IDE', tagging as component of type 'Unknown'
 WARN [2016-05-10 21:02:52,857] (ComponentFactory.java:getComponentByFilePath:614) - No id found for filepath 'modules/Forcecom_Migration_Tool_oauth/ConnectivityDevConfigs/Forcecom_Migration_Tool_oauth_devConfig.ConnectivityDevConfig', tagging as component of type 'Unknown'
 WARN [2016-05-10 21:02:52,860] (ComponentFactory.java:getComponentByFilePath:614) - No id found for filepath 'modules/Forcecom_Migration_Tool_oauth/modules/sf_com_apps__Forcecom_Migration_Tool_oauth', tagging as component of type 'Unknown'
 WARN [2016-05-10 21:02:52,866] (ComponentFactory.java:getComponentByFilePath:614) - No id found for filepath 'applicationManifests/Forcecom_Migration_Tool', tagging as component of type 'Unknown'
 WARN [2016-05-10 21:02:52,870] (ComponentFactory.java:getComponentByFilePath:614) - No id found for filepath 'modules/S8e_M4e_Dashboards_oauth/ConnectivityDevConfigs/S8e_M4e_Dashboards_oauth_devConfig.ConnectivityDevConfig', tagging as component of type 'Unknown'
 WARN [2016-05-10 21:02:52,874] (ComponentFactory.java:getComponentByFilePath:614) - No id found for filepath 'modules/S8e_M4e_Dashboards_oauth/modules/sf_com_apps__S8e_M4e_Dashboards_oauth', tagging as component of type 'Unknown'
 WARN [2016-05-10 21:02:52,878] (ComponentFactory.java:getComponentByFilePath:614) - No id found for filepath 'applicationManifests/Salesforce_Mobile_Dashboards', tagging as component of type 'Unknown'
 WARN [2016-05-10 21:02:52,882] (ComponentFactory.java:getComponentByFilePath:614) - No id found for filepath 'modules/S8e_T3h_oauth/ConnectivityDevConfigs/S8e_T3h_oauth_devConfig.ConnectivityDevConfig', tagging as component of type 'Unknown'
 WARN [2016-05-10 21:02:52,886] (ComponentFactory.java:getComponentByFilePath:614) - No id found for filepath 'modules/S8e_T3h_oauth/modules/sf_com_apps__S8e_T3h_oauth', tagging as component of type 'Unknown'
 WARN [2016-05-10 21:02:52,890] (ComponentFactory.java:getComponentByFilePath:614) - No id found for filepath 'applicationManifests/Salesforce_Touch', tagging as component of type 'Unknown'
 WARN [2016-05-10 21:02:52,894] (ComponentFactory.java:getComponentByFilePath:614) - No id found for filepath 'modules/S8e_for_Outlook_oauth/ConnectivityDevConfigs/S8e_for_Outlook_oauth_devConfig.ConnectivityDevConfig', tagging as component of type 'Unknown'
 WARN [2016-05-10 21:02:52,898] (ComponentFactory.java:getComponentByFilePath:614) - No id found for filepath 'modules/S8e_for_Outlook_oauth/modules/sf_com_apps__S8e_for_Outlook_oauth', tagging as component of type 'Unknown'
 WARN [2016-05-10 21:02:52,902] (ComponentFactory.java:getComponentByFilePath:614) - No id found for filepath 'applicationManifests/Salesforce_for_Outlook', tagging as component of type 'Unknown'
 WARN [2016-05-10 21:02:52,906] (ComponentFactory.java:getComponentByFilePath:614) - No id found for filepath 'modules/Workbench_oauth/ConnectivityDevConfigs/Workbench_oauth_devConfig.ConnectivityDevConfig', tagging as component of type 'Unknown'
 WARN [2016-05-10 21:02:52,921] (ComponentFactory.java:getComponentByFilePath:614) - No id found for filepath 'modules/Workbench_oauth/modules/sf_com_apps__Workbench_oauth', tagging as component of type 'Unknown'
 WARN [2016-05-10 21:02:52,925] (ComponentFactory.java:getComponentByFilePath:614) - No id found for filepath 'applicationManifests/Workbench', tagging as component of type 'Unknown'
ERROR [2016-05-10 21:02:52,929] (ProjectPackageList.java:generateComponents:483) - Filepath-zip mapping is null or empty for package 'Salesforce Connected Apps' [0A320000000AMMbCAO] - skipping component generation
 WARN [2016-05-10 21:02:53,037] (ComponentFactory.java:getComponentByFilePath:614) - No id found for filepath 'modules/C5r_Desktop_oauth/ConnectivityDevConfigs/C5r_Desktop_oauth_devConfig.ConnectivityDevConfig', tagging as component of type 'Unknown'
 WARN [2016-05-10 21:02:53,042] (ComponentFactory.java:getComponentByFilePath:614) - No id found for filepath 'modules/C5r_Desktop_oauth/modules/sf_chttr_apps__C5r_Desktop_oauth', tagging as component of type 'Unknown'
 WARN [2016-05-10 21:02:53,047] (ComponentFactory.java:getComponentByFilePath:614) - No id found for filepath 'applicationManifests/Chatter_Desktop', tagging as component of type 'Unknown'
 WARN [2016-05-10 21:02:53,051] (ComponentFactory.java:getComponentByFilePath:614) - No id found for filepath 'modules/C5r_for_Android_oauth_android/AndroidPushApplicationSetup/C5r_for_Android_oauth_androidAndroidPushApplicationSetup.AndroidPushApplicationSetup', tagging as component of type 'Unknown'
 WARN [2016-05-10 21:02:53,055] (ComponentFactory.java:getComponentByFilePath:614) - No id found for filepath 'modules/C5r_for_Android_oauth_android/modules/sf_chttr_apps__C5r_for_Android_oauth_android', tagging as component of type 'Unknown'
 WARN [2016-05-10 21:02:53,059] (ComponentFactory.java:getComponentByFilePath:614) - No id found for filepath 'modules/C5r_for_Android_oauth/ConnectivityDevConfigs/C5r_for_Android_oauth_devConfig.ConnectivityDevConfig', tagging as component of type 'Unknown'
 WARN [2016-05-10 21:02:53,063] (ComponentFactory.java:getComponentByFilePath:614) - No id found for filepath 'modules/C5r_for_Android_oauth/modules/sf_chttr_apps__C5r_for_Android_oauth', tagging as component of type 'Unknown'
 WARN [2016-05-10 21:02:53,067] (ComponentFactory.java:getComponentByFilePath:614) - No id found for filepath 'applicationManifests/Chatter_for_Android', tagging as component of type 'Unknown'
 WARN [2016-05-10 21:02:53,071] (ComponentFactory.java:getComponentByFilePath:614) - No id found for filepath 'modules/C5r_for_BlackBerry_oauth/ConnectivityDevConfigs/C5r_for_BlackBerry_oauth_devConfig.ConnectivityDevConfig', tagging as component of type 'Unknown'
 WARN [2016-05-10 21:02:53,075] (ComponentFactory.java:getComponentByFilePath:614) - No id found for filepath 'modules/C5r_for_BlackBerry_oauth/modules/sf_chttr_apps__C5r_for_BlackBerry_oauth', tagging as component of type 'Unknown'
 WARN [2016-05-10 21:02:53,079] (ComponentFactory.java:getComponentByFilePath:614) - No id found for filepath 'applicationManifests/Chatter_for_BlackBerry', tagging as component of type 'Unknown'
 WARN [2016-05-10 21:02:53,083] (ComponentFactory.java:getComponentByFilePath:614) - No id found for filepath 'modules/C5r_for_iOS_oauth_apple/ApplePushApplicationSetup/C5r_for_iOS_oauth_appleApplePushApplicationSetup.ApplePushApplicationSetup', tagging as component of type 'Unknown'
 WARN [2016-05-10 21:02:53,087] (ComponentFactory.java:getComponentByFilePath:614) - No id found for filepath 'modules/C5r_for_iOS_oauth_apple/modules/sf_chttr_apps__C5r_for_iOS_oauth_apple', tagging as component of type 'Unknown'
 WARN [2016-05-10 21:02:53,091] (ComponentFactory.java:getComponentByFilePath:614) - No id found for filepath 'modules/C5r_for_iOS_oauth/ConnectivityDevConfigs/C5r_for_iOS_oauth_devConfig.ConnectivityDevConfig', tagging as component of type 'Unknown'
 WARN [2016-05-10 21:02:53,095] (ComponentFactory.java:getComponentByFilePath:614) - No id found for filepath 'modules/C5r_for_iOS_oauth/modules/sf_chttr_apps__C5r_for_iOS_oauth', tagging as component of type 'Unknown'
 WARN [2016-05-10 21:02:53,099] (ComponentFactory.java:getComponentByFilePath:614) - No id found for filepath 'applicationManifests/Chatter_for_iOS', tagging as component of type 'Unknown'
 WARN [2016-05-10 21:02:53,103] (ComponentFactory.java:getComponentByFilePath:614) - No id found for filepath 'modules/S91_for_Windows_oauth/ConnectivityDevConfigs/S91_for_Windows_oauth_devConfig.ConnectivityDevConfig', tagging as component of type 'Unknown'
 WARN [2016-05-10 21:02:53,107] (ComponentFactory.java:getComponentByFilePath:614) - No id found for filepath 'modules/S91_for_Windows_oauth/modules/sf_chttr_apps__S91_for_Windows_oauth', tagging as component of type 'Unknown'
 WARN [2016-05-10 21:02:53,111] (ComponentFactory.java:getComponentByFilePath:614) - No id found for filepath 'applicationManifests/Salesforce1_for_Windows', tagging as component of type 'Unknown'
 WARN [2016-05-10 21:02:53,115] (ComponentFactory.java:getComponentByFilePath:614) - No id found for filepath 'modules/S9A_oauth/ConnectivityDevConfigs/S9A_oauth_devConfig.ConnectivityDevConfig', tagging as component of type 'Unknown'
 WARN [2016-05-10 21:02:53,119] (ComponentFactory.java:getComponentByFilePath:614) - No id found for filepath 'modules/S9A_oauth/modules/sf_chttr_apps__S9A_oauth', tagging as component of type 'Unknown'
 WARN [2016-05-10 21:02:53,123] (ComponentFactory.java:getComponentByFilePath:614) - No id found for filepath 'applicationManifests/SalesforceA', tagging as component of type 'Unknown'
 WARN [2016-05-10 21:02:53,127] (ComponentFactory.java:getComponentByFilePath:614) - No id found for filepath 'modules/S8e_C8x_oauth/ConnectivityDevConfigs/S8e_C8x_oauth_devConfig.ConnectivityDevConfig', tagging as component of type 'Unknown'
 WARN [2016-05-10 21:02:53,131] (ComponentFactory.java:getComponentByFilePath:614) - No id found for filepath 'modules/S8e_C8x_oauth/modules/sf_chttr_apps__S8e_C8x_oauth', tagging as component of type 'Unknown'
 WARN [2016-05-10 21:02:53,135] (ComponentFactory.java:getComponentByFilePath:614) - No id found for filepath 'applicationManifests/Salesforce_Chatterbox', tagging as component of type 'Unknown'
ERROR [2016-05-10 21:02:53,139] (ProjectPackageList.java:generateComponents:483) - Filepath-zip mapping is null or empty for package 'Salesforce1 and Chatter Apps' [0A320000000AJVGCA4] - skipping component generation
 WARN [2016-05-10 21:03:36,760] (ProjectPackageList.java:saveResources:1161) - Component list in project package 'Salesforce Connected Apps' is empty.  No resources to save.
 WARN [2016-05-10 21:03:46,669] (ProjectPackageList.java:saveResources:1161) - Component list in project package 'Salesforce1 and Chatter Apps' is empty.  No resources to save.
